[23-Jan-2024 20:53:06 UTC] PHP Warning:  Undefined variable $query in D:\OSPanel\domains\wptest.com\wp-content\plugins\volcuaEstate\pluginfile\filter.php on line 58
[23-Jan-2024 20:53:06 UTC] PHP Fatal error:  Uncaught Error: Call to a member function have_posts() on null in D:\OSPanel\domains\wptest.com\wp-content\plugins\volcuaEstate\pluginfile\filter.php:58
Stack trace:
#0 D:\OSPanel\domains\wptest.com\wp-includes\class-wp-hook.php(324): real_estate_filter_ajax_handler()
#1 D:\OSPanel\domains\wptest.com\wp-includes\class-wp-hook.php(348): WP_Hook->apply_filters()
#2 D:\OSPanel\domains\wptest.com\wp-includes\plugin.php(517): WP_Hook->do_action()
#3 D:\OSPanel\domains\wptest.com\wp-admin\admin-ajax.php(188): do_action()
#4 {main}
  thrown in D:\OSPanel\domains\wptest.com\wp-content\plugins\volcuaEstate\pluginfile\filter.php on line 58
[23-Jan-2024 20:53:29 UTC] PHP Warning:  Undefined variable $query in D:\OSPanel\domains\wptest.com\wp-content\plugins\volcuaEstate\pluginfile\filter.php on line 58
[23-Jan-2024 20:53:29 UTC] PHP Fatal error:  Uncaught Error: Call to a member function have_posts() on null in D:\OSPanel\domains\wptest.com\wp-content\plugins\volcuaEstate\pluginfile\filter.php:58
Stack trace:
#0 D:\OSPanel\domains\wptest.com\wp-includes\class-wp-hook.php(324): real_estate_filter_ajax_handler()
#1 D:\OSPanel\domains\wptest.com\wp-includes\class-wp-hook.php(348): WP_Hook->apply_filters()
#2 D:\OSPanel\domains\wptest.com\wp-includes\plugin.php(517): WP_Hook->do_action()
#3 D:\OSPanel\domains\wptest.com\wp-admin\admin-ajax.php(188): do_action()
#4 {main}
  thrown in D:\OSPanel\domains\wptest.com\wp-content\plugins\volcuaEstate\pluginfile\filter.php on line 58
[24-Jan-2024 00:32:50 UTC] PHP Warning:  Undefined variable $page in D:\OSPanel\domains\wptest.com\wp-content\plugins\volcuaEstate\pluginfile\filter.php on line 140
[24-Jan-2024 00:33:03 UTC] PHP Warning:  Undefined variable $page in D:\OSPanel\domains\wptest.com\wp-content\plugins\volcuaEstate\pluginfile\filter.php on line 140
[24-Jan-2024 00:49:51 UTC] PHP Warning:  Undefined variable $page in D:\OSPanel\domains\wptest.com\wp-content\plugins\volcuaEstate\pluginfile\filter.php on line 140
[24-Jan-2024 00:52:25 UTC] PHP Warning:  Undefined variable $page in D:\OSPanel\domains\wptest.com\wp-content\plugins\volcuaEstate\pluginfile\filter.php on line 140
[24-Jan-2024 01:00:54 UTC] PHP Warning:  Undefined variable $page in D:\OSPanel\domains\wptest.com\wp-content\plugins\volcuaEstate\pluginfile\filter.php on line 140
[24-Jan-2024 01:01:16 UTC] PHP Warning:  Undefined variable $page in D:\OSPanel\domains\wptest.com\wp-content\plugins\volcuaEstate\pluginfile\filter.php on line 140
[24-Jan-2024 01:02:55 UTC] PHP Warning:  Undefined variable $page in D:\OSPanel\domains\wptest.com\wp-content\plugins\volcuaEstate\pluginfile\filter.php on line 140
[24-Jan-2024 01:09:23 UTC] PHP Warning:  Undefined variable $page in D:\OSPanel\domains\wptest.com\wp-content\plugins\volcuaEstate\pluginfile\filter.php on line 140
[24-Jan-2024 01:11:19 UTC] PHP Warning:  Undefined variable $page in D:\OSPanel\domains\wptest.com\wp-content\plugins\volcuaEstate\pluginfile\filter.php on line 140
[24-Jan-2024 01:11:39 UTC] PHP Warning:  Undefined variable $page in D:\OSPanel\domains\wptest.com\wp-content\plugins\volcuaEstate\pluginfile\filter.php on line 140
[24-Jan-2024 01:12:27 UTC] PHP Warning:  Undefined variable $page in D:\OSPanel\domains\wptest.com\wp-content\plugins\volcuaEstate\pluginfile\filter.php on line 140
[24-Jan-2024 01:15:28 UTC] PHP Warning:  Undefined variable $page in D:\OSPanel\domains\wptest.com\wp-content\plugins\volcuaEstate\pluginfile\filter.php on line 140
[24-Jan-2024 01:18:05 UTC] PHP Parse error:  syntax error, unexpected token "echo" in D:\OSPanel\domains\wptest.com\wp-content\plugins\volcuaEstate\pluginfile\filter.php on line 152
[24-Jan-2024 01:18:08 UTC] PHP Parse error:  syntax error, unexpected token "echo" in D:\OSPanel\domains\wptest.com\wp-content\plugins\volcuaEstate\pluginfile\filter.php on line 152
[24-Jan-2024 01:18:25 UTC] PHP Parse error:  syntax error, unexpected token "echo" in D:\OSPanel\domains\wptest.com\wp-content\plugins\volcuaEstate\pluginfile\filter.php on line 152
[24-Jan-2024 01:18:25 UTC] PHP Notice:  Функцію is_embed було викликано неправильно. Умовні теґи запитів не працюють до здійснення запиту. До того, вони завжди повертають "false". Будь ласка, перегляньте <a>Виправлення помилок у WordPress</a> для більш детальної інформації. (Це повідомлення додане у версії 3.1.0.) in D:\OSPanel\domains\wptest.com\wp-includes\functions.php on line 6031
[24-Jan-2024 01:18:25 UTC] PHP Notice:  Функцію is_search було викликано неправильно. Умовні теґи запитів не працюють до здійснення запиту. До того, вони завжди повертають "false". Будь ласка, перегляньте <a>Виправлення помилок у WordPress</a> для більш детальної інформації. (Це повідомлення додане у версії 3.1.0.) in D:\OSPanel\domains\wptest.com\wp-includes\functions.php on line 6031
[24-Jan-2024 01:18:27 UTC] PHP Parse error:  syntax error, unexpected token "echo" in D:\OSPanel\domains\wptest.com\wp-content\plugins\volcuaEstate\pluginfile\filter.php on line 152
[24-Jan-2024 01:18:27 UTC] PHP Notice:  Функцію is_embed було викликано неправильно. Умовні теґи запитів не працюють до здійснення запиту. До того, вони завжди повертають "false". Будь ласка, перегляньте <a>Виправлення помилок у WordPress</a> для більш детальної інформації. (Це повідомлення додане у версії 3.1.0.) in D:\OSPanel\domains\wptest.com\wp-includes\functions.php on line 6031
[24-Jan-2024 01:18:27 UTC] PHP Notice:  Функцію is_search було викликано неправильно. Умовні теґи запитів не працюють до здійснення запиту. До того, вони завжди повертають "false". Будь ласка, перегляньте <a>Виправлення помилок у WordPress</a> для більш детальної інформації. (Це повідомлення додане у версії 3.1.0.) in D:\OSPanel\domains\wptest.com\wp-includes\functions.php on line 6031
[24-Jan-2024 01:18:40 UTC] PHP Warning:  Undefined variable $page in D:\OSPanel\domains\wptest.com\wp-content\plugins\volcuaEstate\pluginfile\filter.php on line 140
[24-Jan-2024 01:19:04 UTC] PHP Warning:  Undefined variable $page in D:\OSPanel\domains\wptest.com\wp-content\plugins\volcuaEstate\pluginfile\filter.php on line 140
[24-Jan-2024 01:19:21 UTC] PHP Warning:  Undefined variable $page in D:\OSPanel\domains\wptest.com\wp-content\plugins\volcuaEstate\pluginfile\filter.php on line 140
[24-Jan-2024 01:19:41 UTC] PHP Warning:  Undefined variable $page in D:\OSPanel\domains\wptest.com\wp-content\plugins\volcuaEstate\pluginfile\filter.php on line 140
[24-Jan-2024 01:19:52 UTC] PHP Warning:  Undefined variable $page in D:\OSPanel\domains\wptest.com\wp-content\plugins\volcuaEstate\pluginfile\filter.php on line 140
[24-Jan-2024 01:20:07 UTC] PHP Warning:  Undefined variable $page in D:\OSPanel\domains\wptest.com\wp-content\plugins\volcuaEstate\pluginfile\filter.php on line 140
[24-Jan-2024 01:20:12 UTC] PHP Warning:  Undefined variable $page in D:\OSPanel\domains\wptest.com\wp-content\plugins\volcuaEstate\pluginfile\filter.php on line 140
[24-Jan-2024 01:21:18 UTC] PHP Warning:  Undefined variable $page in D:\OSPanel\domains\wptest.com\wp-content\plugins\volcuaEstate\pluginfile\filter.php on line 140
[24-Jan-2024 01:21:27 UTC] PHP Warning:  Undefined variable $page in D:\OSPanel\domains\wptest.com\wp-content\plugins\volcuaEstate\pluginfile\filter.php on line 140
[24-Jan-2024 01:21:31 UTC] PHP Warning:  Undefined variable $page in D:\OSPanel\domains\wptest.com\wp-content\plugins\volcuaEstate\pluginfile\filter.php on line 140
[24-Jan-2024 01:21:32 UTC] PHP Warning:  Undefined variable $page in D:\OSPanel\domains\wptest.com\wp-content\plugins\volcuaEstate\pluginfile\filter.php on line 140
[24-Jan-2024 01:21:49 UTC] PHP Warning:  Undefined variable $page in D:\OSPanel\domains\wptest.com\wp-content\plugins\volcuaEstate\pluginfile\filter.php on line 140
[24-Jan-2024 01:24:35 UTC] PHP Parse error:  syntax error, unexpected token ")" in D:\OSPanel\domains\wptest.com\wp-content\plugins\volcuaEstate\pluginfile\filter.php on line 152
[24-Jan-2024 01:24:35 UTC] PHP Notice:  Функцію is_embed було викликано неправильно. Умовні теґи запитів не працюють до здійснення запиту. До того, вони завжди повертають "false". Будь ласка, перегляньте <a>Виправлення помилок у WordPress</a> для більш детальної інформації. (Це повідомлення додане у версії 3.1.0.) in D:\OSPanel\domains\wptest.com\wp-includes\functions.php on line 6031
[24-Jan-2024 01:24:35 UTC] PHP Notice:  Функцію is_search було викликано неправильно. Умовні теґи запитів не працюють до здійснення запиту. До того, вони завжди повертають "false". Будь ласка, перегляньте <a>Виправлення помилок у WordPress</a> для більш детальної інформації. (Це повідомлення додане у версії 3.1.0.) in D:\OSPanel\domains\wptest.com\wp-includes\functions.php on line 6031
[24-Jan-2024 01:24:37 UTC] PHP Parse error:  syntax error, unexpected token ")" in D:\OSPanel\domains\wptest.com\wp-content\plugins\volcuaEstate\pluginfile\filter.php on line 152
[24-Jan-2024 01:24:37 UTC] PHP Notice:  Функцію is_embed було викликано неправильно. Умовні теґи запитів не працюють до здійснення запиту. До того, вони завжди повертають "false". Будь ласка, перегляньте <a>Виправлення помилок у WordPress</a> для більш детальної інформації. (Це повідомлення додане у версії 3.1.0.) in D:\OSPanel\domains\wptest.com\wp-includes\functions.php on line 6031
[24-Jan-2024 01:24:37 UTC] PHP Notice:  Функцію is_search було викликано неправильно. Умовні теґи запитів не працюють до здійснення запиту. До того, вони завжди повертають "false". Будь ласка, перегляньте <a>Виправлення помилок у WordPress</a> для більш детальної інформації. (Це повідомлення додане у версії 3.1.0.) in D:\OSPanel\domains\wptest.com\wp-includes\functions.php on line 6031
[24-Jan-2024 01:25:09 UTC] PHP Warning:  Undefined variable $page in D:\OSPanel\domains\wptest.com\wp-content\plugins\volcuaEstate\pluginfile\filter.php on line 140
[24-Jan-2024 01:46:52 UTC] PHP Warning:  Undefined variable $page in D:\OSPanel\domains\wptest.com\wp-content\plugins\volcuaEstate\pluginfile\filter.php on line 124
[25-Jan-2024 15:29:42 UTC] PHP Deprecated:  Function wp_update_https_detection_errors is deprecated since version 6.4.0 with no alternative available. in D:\OSPanel\domains\wptest.com\wp-includes\functions.php on line 6031
[25-Jan-2024 15:29:45 UTC] PHP Warning:  Undefined variable $page in D:\OSPanel\domains\wptest.com\wp-content\plugins\volcuaEstate\pluginfile\filter.php on line 124
[25-Jan-2024 15:44:08 UTC] PHP Warning:  Undefined variable $page in D:\OSPanel\domains\wptest.com\wp-content\plugins\volcuaEstate\pluginfile\EstateObject_filter.php on line 120
[25-Jan-2024 15:44:28 UTC] PHP Warning:  Undefined variable $page in D:\OSPanel\domains\wptest.com\wp-content\plugins\volcuaEstate\pluginfile\EstateObject_filter.php on line 120
[25-Jan-2024 15:44:46 UTC] PHP Warning:  Undefined variable $page in D:\OSPanel\domains\wptest.com\wp-content\plugins\volcuaEstate\pluginfile\EstateObject_filter.php on line 120
[25-Jan-2024 15:44:48 UTC] PHP Warning:  Undefined variable $page in D:\OSPanel\domains\wptest.com\wp-content\plugins\volcuaEstate\pluginfile\EstateObject_filter.php on line 120
[25-Jan-2024 15:44:50 UTC] PHP Warning:  Undefined variable $page in D:\OSPanel\domains\wptest.com\wp-content\plugins\volcuaEstate\pluginfile\EstateObject_filter.php on line 120
[25-Jan-2024 15:44:51 UTC] PHP Warning:  Undefined variable $page in D:\OSPanel\domains\wptest.com\wp-content\plugins\volcuaEstate\pluginfile\EstateObject_filter.php on line 120
[25-Jan-2024 15:46:22 UTC] PHP Warning:  Undefined variable $page in D:\OSPanel\domains\wptest.com\wp-content\plugins\volcuaEstate\pluginfile\EstateObject_filter.php on line 109
[25-Jan-2024 15:46:45 UTC] PHP Warning:  Undefined variable $page in D:\OSPanel\domains\wptest.com\wp-content\plugins\volcuaEstate\pluginfile\EstateObject_filter.php on line 109
[25-Jan-2024 15:52:19 UTC] PHP Warning:  Undefined variable $page in D:\OSPanel\domains\wptest.com\wp-content\plugins\volcuaEstate\pluginfile\EstateObject_filter_sc.php on line 109
[25-Jan-2024 15:52:25 UTC] PHP Warning:  Undefined variable $page in D:\OSPanel\domains\wptest.com\wp-content\plugins\volcuaEstate\pluginfile\EstateObject_filter_sc.php on line 109
[25-Jan-2024 15:53:17 UTC] PHP Warning:  Undefined variable $page in D:\OSPanel\domains\wptest.com\wp-content\plugins\volcuaEstate\pluginfile\EstateObject_filter_sc.php on line 109
[25-Jan-2024 16:11:32 UTC] PHP Warning:  Undefined variable $EstateObject_default_image_url in D:\OSPanel\domains\wptest.com\wp-content\plugins\volcuaEstate\pluginfile\EstateObject_filter_sc.php on line 68
[25-Jan-2024 16:11:32 UTC] PHP Warning:  Undefined variable $EstateObject_default_image_url in D:\OSPanel\domains\wptest.com\wp-content\plugins\volcuaEstate\pluginfile\EstateObject_filter_sc.php on line 68
[25-Jan-2024 16:11:32 UTC] PHP Warning:  Undefined variable $EstateObject_default_image_url in D:\OSPanel\domains\wptest.com\wp-content\plugins\volcuaEstate\pluginfile\EstateObject_filter_sc.php on line 68
[25-Jan-2024 16:11:32 UTC] PHP Warning:  Undefined variable $EstateObject_default_image_url in D:\OSPanel\domains\wptest.com\wp-content\plugins\volcuaEstate\pluginfile\EstateObject_filter_sc.php on line 68
[25-Jan-2024 16:11:32 UTC] PHP Warning:  Undefined variable $EstateObject_default_image_url in D:\OSPanel\domains\wptest.com\wp-content\plugins\volcuaEstate\pluginfile\EstateObject_filter_sc.php on line 68
[25-Jan-2024 16:11:32 UTC] PHP Warning:  Undefined variable $EstateObject_default_image_url in D:\OSPanel\domains\wptest.com\wp-content\plugins\volcuaEstate\pluginfile\EstateObject_filter_sc.php on line 68
[25-Jan-2024 16:11:32 UTC] PHP Warning:  Undefined variable $EstateObject_default_image_url in D:\OSPanel\domains\wptest.com\wp-content\plugins\volcuaEstate\pluginfile\EstateObject_filter_sc.php on line 68
[25-Jan-2024 16:11:32 UTC] PHP Warning:  Undefined variable $EstateObject_default_image_url in D:\OSPanel\domains\wptest.com\wp-content\plugins\volcuaEstate\pluginfile\EstateObject_filter_sc.php on line 68
[25-Jan-2024 16:11:32 UTC] PHP Warning:  Undefined variable $EstateObject_default_image_url in D:\OSPanel\domains\wptest.com\wp-content\plugins\volcuaEstate\pluginfile\EstateObject_filter_sc.php on line 68
[25-Jan-2024 16:11:32 UTC] PHP Warning:  Undefined variable $EstateObject_default_image_url in D:\OSPanel\domains\wptest.com\wp-content\plugins\volcuaEstate\pluginfile\EstateObject_filter_sc.php on line 68
[25-Jan-2024 16:11:32 UTC] PHP Warning:  Undefined variable $page in D:\OSPanel\domains\wptest.com\wp-content\plugins\volcuaEstate\pluginfile\EstateObject_filter_sc.php on line 119
[25-Jan-2024 16:12:26 UTC] PHP Warning:  Undefined variable $page in D:\OSPanel\domains\wptest.com\wp-content\plugins\volcuaEstate\pluginfile\EstateObject_filter_sc.php on line 119
[25-Jan-2024 16:14:06 UTC] PHP Warning:  Undefined variable $page in D:\OSPanel\domains\wptest.com\wp-content\plugins\volcuaEstate\pluginfile\EstateObject_filter_sc.php on line 121
[25-Jan-2024 16:14:51 UTC] PHP Warning:  Undefined variable $page in D:\OSPanel\domains\wptest.com\wp-content\plugins\volcuaEstate\pluginfile\EstateObject_filter_sc.php on line 121
[25-Jan-2024 16:17:39 UTC] PHP Fatal error:  Uncaught Error: Undefined constant "PAGE_ID" in D:\OSPanel\domains\wptest.com\wp-content\plugins\volcuaEstate\pluginfile\EstateObject_filter_sc.php:61
Stack trace:
#0 D:\OSPanel\domains\wptest.com\wp-includes\class-wp-hook.php(324): real_estate_filter_ajax_handler()
#1 D:\OSPanel\domains\wptest.com\wp-includes\class-wp-hook.php(348): WP_Hook->apply_filters()
#2 D:\OSPanel\domains\wptest.com\wp-includes\plugin.php(517): WP_Hook->do_action()
#3 D:\OSPanel\domains\wptest.com\wp-admin\admin-ajax.php(188): do_action()
#4 {main}
  thrown in D:\OSPanel\domains\wptest.com\wp-content\plugins\volcuaEstate\pluginfile\EstateObject_filter_sc.php on line 61
[25-Jan-2024 16:17:42 UTC] PHP Fatal error:  Uncaught Error: Undefined constant "PAGE_ID" in D:\OSPanel\domains\wptest.com\wp-content\plugins\volcuaEstate\pluginfile\EstateObject_filter_sc.php:61
Stack trace:
#0 D:\OSPanel\domains\wptest.com\wp-includes\class-wp-hook.php(324): real_estate_filter_ajax_handler()
#1 D:\OSPanel\domains\wptest.com\wp-includes\class-wp-hook.php(348): WP_Hook->apply_filters()
#2 D:\OSPanel\domains\wptest.com\wp-includes\plugin.php(517): WP_Hook->do_action()
#3 D:\OSPanel\domains\wptest.com\wp-admin\admin-ajax.php(188): do_action()
#4 {main}
  thrown in D:\OSPanel\domains\wptest.com\wp-content\plugins\volcuaEstate\pluginfile\EstateObject_filter_sc.php on line 61
[25-Jan-2024 16:17:42 UTC] PHP Fatal error:  Uncaught Error: Undefined constant "PAGE_ID" in D:\OSPanel\domains\wptest.com\wp-content\plugins\volcuaEstate\pluginfile\EstateObject_filter_sc.php:61
Stack trace:
#0 D:\OSPanel\domains\wptest.com\wp-includes\class-wp-hook.php(324): real_estate_filter_ajax_handler()
#1 D:\OSPanel\domains\wptest.com\wp-includes\class-wp-hook.php(348): WP_Hook->apply_filters()
#2 D:\OSPanel\domains\wptest.com\wp-includes\plugin.php(517): WP_Hook->do_action()
#3 D:\OSPanel\domains\wptest.com\wp-admin\admin-ajax.php(188): do_action()
#4 {main}
  thrown in D:\OSPanel\domains\wptest.com\wp-content\plugins\volcuaEstate\pluginfile\EstateObject_filter_sc.php on line 61
[25-Jan-2024 16:18:06 UTC] PHP Warning:  Undefined variable $page in D:\OSPanel\domains\wptest.com\wp-content\plugins\volcuaEstate\pluginfile\EstateObject_filter_sc.php on line 123
[25-Jan-2024 16:20:40 UTC] PHP Warning:  Undefined variable $page in D:\OSPanel\domains\wptest.com\wp-content\plugins\volcuaEstate\pluginfile\EstateObject_filter_sc.php on line 125
[25-Jan-2024 16:24:17 UTC] PHP Warning:  Undefined variable $page in D:\OSPanel\domains\wptest.com\wp-content\plugins\volcuaEstate\pluginfile\EstateObject_filter_sc.php on line 125
[25-Jan-2024 16:24:33 UTC] PHP Warning:  Undefined variable $page in D:\OSPanel\domains\wptest.com\wp-content\plugins\volcuaEstate\pluginfile\EstateObject_filter_sc.php on line 125
[25-Jan-2024 16:35:03 UTC] PHP Fatal error:  Uncaught Error: Call to undefined function real_estate_filter_show_result() in D:\OSPanel\domains\wptest.com\wp-content\plugins\volcuaEstate\pluginfile\EstateObject_filter_sc.php:27
Stack trace:
#0 D:\OSPanel\domains\wptest.com\wp-includes\class-wp-hook.php(324): real_estate_filter_ajax_handler()
#1 D:\OSPanel\domains\wptest.com\wp-includes\class-wp-hook.php(348): WP_Hook->apply_filters()
#2 D:\OSPanel\domains\wptest.com\wp-includes\plugin.php(517): WP_Hook->do_action()
#3 D:\OSPanel\domains\wptest.com\wp-admin\admin-ajax.php(188): do_action()
#4 {main}
  thrown in D:\OSPanel\domains\wptest.com\wp-content\plugins\volcuaEstate\pluginfile\EstateObject_filter_sc.php on line 27
[25-Jan-2024 16:35:07 UTC] PHP Fatal error:  Uncaught Error: Call to undefined function real_estate_filter_show_result() in D:\OSPanel\domains\wptest.com\wp-content\plugins\volcuaEstate\pluginfile\EstateObject_filter_sc.php:27
Stack trace:
#0 D:\OSPanel\domains\wptest.com\wp-includes\class-wp-hook.php(324): real_estate_filter_ajax_handler()
#1 D:\OSPanel\domains\wptest.com\wp-includes\class-wp-hook.php(348): WP_Hook->apply_filters()
#2 D:\OSPanel\domains\wptest.com\wp-includes\plugin.php(517): WP_Hook->do_action()
#3 D:\OSPanel\domains\wptest.com\wp-admin\admin-ajax.php(188): do_action()
#4 {main}
  thrown in D:\OSPanel\domains\wptest.com\wp-content\plugins\volcuaEstate\pluginfile\EstateObject_filter_sc.php on line 27
[25-Jan-2024 16:35:08 UTC] PHP Fatal error:  Uncaught Error: Call to undefined function real_estate_filter_show_result() in D:\OSPanel\domains\wptest.com\wp-content\plugins\volcuaEstate\pluginfile\EstateObject_filter_sc.php:27
Stack trace:
#0 D:\OSPanel\domains\wptest.com\wp-includes\class-wp-hook.php(324): real_estate_filter_ajax_handler()
#1 D:\OSPanel\domains\wptest.com\wp-includes\class-wp-hook.php(348): WP_Hook->apply_filters()
#2 D:\OSPanel\domains\wptest.com\wp-includes\plugin.php(517): WP_Hook->do_action()
#3 D:\OSPanel\domains\wptest.com\wp-admin\admin-ajax.php(188): do_action()
#4 {main}
  thrown in D:\OSPanel\domains\wptest.com\wp-content\plugins\volcuaEstate\pluginfile\EstateObject_filter_sc.php on line 27
[25-Jan-2024 16:35:49 UTC] PHP Warning:  Undefined variable $page in D:\OSPanel\domains\wptest.com\wp-content\plugins\volcuaEstate\pluginfile\EstateObject_filter_ShowResultate.php on line 106
[25-Jan-2024 17:28:08 UTC] PHP Warning:  Undefined variable $page in D:\OSPanel\domains\wptest.com\wp-content\plugins\volcuaEstate\pluginfile\EstateObject_filter_back_ShowResultate.php on line 106
[25-Jan-2024 21:15:13 UTC] PHP Warning:  Undefined variable $page in D:\OSPanel\domains\wptest.com\wp-content\plugins\volcuaEstate\pluginfile\EstateObject_filter_back_ShowResultate.php on line 106
[25-Jan-2024 21:44:45 UTC] PHP Warning:  Undefined variable $page in D:\OSPanel\domains\wptest.com\wp-content\plugins\volcuaEstate\pluginfile\EstateObject_filter_back_ShowResultate.php on line 106
[25-Jan-2024 21:44:49 UTC] PHP Warning:  Undefined variable $page in D:\OSPanel\domains\wptest.com\wp-content\plugins\volcuaEstate\pluginfile\EstateObject_filter_back_ShowResultate.php on line 106
[25-Jan-2024 21:47:58 UTC] PHP Warning:  Undefined variable $page in D:\OSPanel\domains\wptest.com\wp-content\plugins\volcuaEstate\pluginfile\EstateObject_filter_back_ShowResultate.php on line 106
[25-Jan-2024 21:48:15 UTC] PHP Warning:  Undefined variable $page in D:\OSPanel\domains\wptest.com\wp-content\plugins\volcuaEstate\pluginfile\EstateObject_filter_back_ShowResultate.php on line 106
[25-Jan-2024 21:55:43 UTC] PHP Warning:  Undefined variable $page in D:\OSPanel\domains\wptest.com\wp-content\plugins\volcuaEstate\pluginfile\EstateObject_filter_back_ShowResultate.php on line 106
[26-Jan-2024 17:53:42 UTC] PHP Warning:  Undefined variable $page in D:\OSPanel\domains\wptest.com\wp-content\plugins\volcuaEstate\pluginfile\EstateObject_filter_back_ShowResultate.php on line 106
[26-Jan-2024 19:13:45 UTC] PHP Warning:  Undefined variable $page in D:\OSPanel\domains\wptest.com\wp-content\plugins\volcuaEstate\pluginfile\EstateObject_filter_back_ShowResultate.php on line 106
[26-Jan-2024 19:19:19 UTC] PHP Warning:  Undefined variable $page in D:\OSPanel\domains\wptest.com\wp-content\plugins\volcuaEstate\pluginfile\EstateObject_filter_back_ShowResultate.php on line 106
[26-Jan-2024 19:21:05 UTC] PHP Warning:  Undefined variable $page in D:\OSPanel\domains\wptest.com\wp-content\plugins\volcuaEstate\pluginfile\EstateObject_filter_back_ShowResultate.php on line 106
[26-Jan-2024 19:40:21 UTC] PHP Warning:  Undefined variable $page in D:\OSPanel\domains\wptest.com\wp-content\plugins\volcuaEstate\pluginfile\EstateObject_filter_back_ShowResultate.php on line 109
[26-Jan-2024 19:41:14 UTC] PHP Warning:  Undefined variable $page in D:\OSPanel\domains\wptest.com\wp-content\plugins\volcuaEstate\pluginfile\EstateObject_filter_back_ShowResultate.php on line 109
[26-Jan-2024 19:41:24 UTC] PHP Warning:  Undefined variable $page in D:\OSPanel\domains\wptest.com\wp-content\plugins\volcuaEstate\pluginfile\EstateObject_filter_back_ShowResultate.php on line 109
[26-Jan-2024 19:47:46 UTC] PHP Warning:  Undefined variable $page in D:\OSPanel\domains\wptest.com\wp-content\plugins\volcuaEstate\pluginfile\EstateObject_filter_back_ShowResultate.php on line 109
[26-Jan-2024 19:48:59 UTC] PHP Warning:  Undefined variable $page in D:\OSPanel\domains\wptest.com\wp-content\plugins\volcuaEstate\pluginfile\EstateObject_filter_back_ShowResultate.php on line 109
[26-Jan-2024 19:49:37 UTC] PHP Warning:  Undefined variable $page in D:\OSPanel\domains\wptest.com\wp-content\plugins\volcuaEstate\pluginfile\EstateObject_filter_back_ShowResultate.php on line 109
[26-Jan-2024 19:56:04 UTC] PHP Warning:  Undefined variable $page in D:\OSPanel\domains\wptest.com\wp-content\plugins\volcuaEstate\pluginfile\EstateObject_filter_back_ShowResultate.php on line 109
[26-Jan-2024 19:57:20 UTC] PHP Warning:  Undefined variable $page in D:\OSPanel\domains\wptest.com\wp-content\plugins\volcuaEstate\pluginfile\EstateObject_filter_back_ShowResultate.php on line 109
[26-Jan-2024 19:58:22 UTC] PHP Warning:  Undefined variable $page in D:\OSPanel\domains\wptest.com\wp-content\plugins\volcuaEstate\pluginfile\EstateObject_filter_back_ShowResultate.php on line 109
[26-Jan-2024 19:59:02 UTC] PHP Warning:  Undefined variable $page in D:\OSPanel\domains\wptest.com\wp-content\plugins\volcuaEstate\pluginfile\EstateObject_filter_back_ShowResultate.php on line 109
[26-Jan-2024 20:06:48 UTC] PHP Warning:  Undefined variable $page in D:\OSPanel\domains\wptest.com\wp-content\plugins\volcuaEstate\pluginfile\EstateObject_filter_back_ShowResultate.php on line 109
[26-Jan-2024 20:09:06 UTC] PHP Warning:  Undefined variable $page in D:\OSPanel\domains\wptest.com\wp-content\plugins\volcuaEstate\pluginfile\EstateObject_filter_back_ShowResultate.php on line 109
[26-Jan-2024 20:12:04 UTC] PHP Warning:  Undefined variable $page in D:\OSPanel\domains\wptest.com\wp-content\plugins\volcuaEstate\pluginfile\EstateObject_filter_back_ShowResultate.php on line 109
[26-Jan-2024 20:16:48 UTC] PHP Deprecated:  Required parameter $page follows optional parameter $min_floors in D:\OSPanel\domains\wptest.com\wp-content\plugins\volcuaEstate\pluginfile\EstateObject_filter_back_ShowResultate.php on line 4
[26-Jan-2024 20:18:49 UTC] PHP Deprecated:  Required parameter $page follows optional parameter $min_floors in D:\OSPanel\domains\wptest.com\wp-content\plugins\volcuaEstate\pluginfile\EstateObject_filter_back_ShowResultate.php on line 4
[26-Jan-2024 20:24:52 UTC] PHP Fatal error:  Cannot redeclare real_estate_filter_shortcode() (previously declared in D:\OSPanel\domains\wptest.com\wp-content\plugins\volcuaEstate\pluginfile\EstateObject_filter_back_ShowResultate.php:158) in D:\OSPanel\domains\wptest.com\wp-content\plugins\volcuaEstate\pluginfile\EstateObject_filter_front_sc.php on line 2
[26-Jan-2024 20:26:54 UTC] PHP Fatal error:  Cannot redeclare real_estate_filter_shortcode() (previously declared in D:\OSPanel\domains\wptest.com\wp-content\plugins\volcuaEstate\pluginfile\EstateObject_filter_back_ShowResultate.php:158) in D:\OSPanel\domains\wptest.com\wp-content\plugins\volcuaEstate\pluginfile\EstateObject_filter_front_sc.php on line 2
[26-Jan-2024 20:27:40 UTC] PHP Fatal error:  Cannot redeclare real_estate_filter_shortcode() (previously declared in D:\OSPanel\domains\wptest.com\wp-content\plugins\volcuaEstate\pluginfile\EstateObject_filter_back_ShowResultate.php:158) in D:\OSPanel\domains\wptest.com\wp-content\plugins\volcuaEstate\pluginfile\EstateObject_filter_front_sc.php on line 2
[26-Jan-2024 20:27:40 UTC] PHP Notice:  Функцію is_embed було викликано неправильно. Умовні теґи запитів не працюють до здійснення запиту. До того, вони завжди повертають "false". Будь ласка, перегляньте <a>Виправлення помилок у WordPress</a> для більш детальної інформації. (Це повідомлення додане у версії 3.1.0.) in D:\OSPanel\domains\wptest.com\wp-includes\functions.php on line 6031
[26-Jan-2024 20:27:40 UTC] PHP Notice:  Функцію is_search було викликано неправильно. Умовні теґи запитів не працюють до здійснення запиту. До того, вони завжди повертають "false". Будь ласка, перегляньте <a>Виправлення помилок у WordPress</a> для більш детальної інформації. (Це повідомлення додане у версії 3.1.0.) in D:\OSPanel\domains\wptest.com\wp-includes\functions.php on line 6031
[26-Jan-2024 20:27:42 UTC] PHP Fatal error:  Cannot redeclare real_estate_filter_shortcode() (previously declared in D:\OSPanel\domains\wptest.com\wp-content\plugins\volcuaEstate\pluginfile\EstateObject_filter_back_ShowResultate.php:158) in D:\OSPanel\domains\wptest.com\wp-content\plugins\volcuaEstate\pluginfile\EstateObject_filter_front_sc.php on line 2
[26-Jan-2024 20:27:42 UTC] PHP Notice:  Функцію is_embed було викликано неправильно. Умовні теґи запитів не працюють до здійснення запиту. До того, вони завжди повертають "false". Будь ласка, перегляньте <a>Виправлення помилок у WordPress</a> для більш детальної інформації. (Це повідомлення додане у версії 3.1.0.) in D:\OSPanel\domains\wptest.com\wp-includes\functions.php on line 6031
[26-Jan-2024 20:27:42 UTC] PHP Notice:  Функцію is_search було викликано неправильно. Умовні теґи запитів не працюють до здійснення запиту. До того, вони завжди повертають "false". Будь ласка, перегляньте <a>Виправлення помилок у WordPress</a> для більш детальної інформації. (Це повідомлення додане у версії 3.1.0.) in D:\OSPanel\domains\wptest.com\wp-includes\functions.php on line 6031
[26-Jan-2024 20:27:55 UTC] PHP Fatal error:  Cannot redeclare real_estate_filter_shortcode() (previously declared in D:\OSPanel\domains\wptest.com\wp-content\plugins\volcuaEstate\pluginfile\EstateObject_filter_back_ShowResultate.php:158) in D:\OSPanel\domains\wptest.com\wp-content\plugins\volcuaEstate\pluginfile\EstateObject_filter_front_sc.php on line 2
[26-Jan-2024 20:27:55 UTC] PHP Notice:  Функцію is_embed було викликано неправильно. Умовні теґи запитів не працюють до здійснення запиту. До того, вони завжди повертають "false". Будь ласка, перегляньте <a>Виправлення помилок у WordPress</a> для більш детальної інформації. (Це повідомлення додане у версії 3.1.0.) in D:\OSPanel\domains\wptest.com\wp-includes\functions.php on line 6031
[26-Jan-2024 20:27:55 UTC] PHP Notice:  Функцію is_search було викликано неправильно. Умовні теґи запитів не працюють до здійснення запиту. До того, вони завжди повертають "false". Будь ласка, перегляньте <a>Виправлення помилок у WordPress</a> для більш детальної інформації. (Це повідомлення додане у версії 3.1.0.) in D:\OSPanel\domains\wptest.com\wp-includes\functions.php on line 6031
[26-Jan-2024 20:27:57 UTC] PHP Fatal error:  Cannot redeclare real_estate_filter_shortcode() (previously declared in D:\OSPanel\domains\wptest.com\wp-content\plugins\volcuaEstate\pluginfile\EstateObject_filter_back_ShowResultate.php:158) in D:\OSPanel\domains\wptest.com\wp-content\plugins\volcuaEstate\pluginfile\EstateObject_filter_front_sc.php on line 2
[26-Jan-2024 20:27:57 UTC] PHP Notice:  Функцію is_embed було викликано неправильно. Умовні теґи запитів не працюють до здійснення запиту. До того, вони завжди повертають "false". Будь ласка, перегляньте <a>Виправлення помилок у WordPress</a> для більш детальної інформації. (Це повідомлення додане у версії 3.1.0.) in D:\OSPanel\domains\wptest.com\wp-includes\functions.php on line 6031
[26-Jan-2024 20:27:57 UTC] PHP Notice:  Функцію is_search було викликано неправильно. Умовні теґи запитів не працюють до здійснення запиту. До того, вони завжди повертають "false". Будь ласка, перегляньте <a>Виправлення помилок у WordPress</a> для більш детальної інформації. (Це повідомлення додане у версії 3.1.0.) in D:\OSPanel\domains\wptest.com\wp-includes\functions.php on line 6031
[26-Jan-2024 20:28:01 UTC] PHP Fatal error:  Cannot redeclare real_estate_filter_shortcode() (previously declared in D:\OSPanel\domains\wptest.com\wp-content\plugins\volcuaEstate\pluginfile\EstateObject_filter_back_ShowResultate.php:158) in D:\OSPanel\domains\wptest.com\wp-content\plugins\volcuaEstate\pluginfile\EstateObject_filter_front_sc.php on line 2
[26-Jan-2024 20:28:03 UTC] PHP Fatal error:  Cannot redeclare real_estate_filter_shortcode() (previously declared in D:\OSPanel\domains\wptest.com\wp-content\plugins\volcuaEstate\pluginfile\EstateObject_filter_back_ShowResultate.php:158) in D:\OSPanel\domains\wptest.com\wp-content\plugins\volcuaEstate\pluginfile\EstateObject_filter_front_sc.php on line 2
[26-Jan-2024 20:28:03 UTC] PHP Notice:  Функцію is_embed було викликано неправильно. Умовні теґи запитів не працюють до здійснення запиту. До того, вони завжди повертають "false". Будь ласка, перегляньте <a>Виправлення помилок у WordPress</a> для більш детальної інформації. (Це повідомлення додане у версії 3.1.0.) in D:\OSPanel\domains\wptest.com\wp-includes\functions.php on line 6031
[26-Jan-2024 20:28:03 UTC] PHP Notice:  Функцію is_search було викликано неправильно. Умовні теґи запитів не працюють до здійснення запиту. До того, вони завжди повертають "false". Будь ласка, перегляньте <a>Виправлення помилок у WordPress</a> для більш детальної інформації. (Це повідомлення додане у версії 3.1.0.) in D:\OSPanel\domains\wptest.com\wp-includes\functions.php on line 6031
[26-Jan-2024 20:28:07 UTC] PHP Fatal error:  Cannot redeclare real_estate_filter_shortcode() (previously declared in D:\OSPanel\domains\wptest.com\wp-content\plugins\volcuaEstate\pluginfile\EstateObject_filter_back_ShowResultate.php:158) in D:\OSPanel\domains\wptest.com\wp-content\plugins\volcuaEstate\pluginfile\EstateObject_filter_front_sc.php on line 2
[26-Jan-2024 20:28:07 UTC] PHP Notice:  Функцію is_embed було викликано неправильно. Умовні теґи запитів не працюють до здійснення запиту. До того, вони завжди повертають "false". Будь ласка, перегляньте <a>Виправлення помилок у WordPress</a> для більш детальної інформації. (Це повідомлення додане у версії 3.1.0.) in D:\OSPanel\domains\wptest.com\wp-includes\functions.php on line 6031
[26-Jan-2024 20:28:07 UTC] PHP Notice:  Функцію is_search було викликано неправильно. Умовні теґи запитів не працюють до здійснення запиту. До того, вони завжди повертають "false". Будь ласка, перегляньте <a>Виправлення помилок у WordPress</a> для більш детальної інформації. (Це повідомлення додане у версії 3.1.0.) in D:\OSPanel\domains\wptest.com\wp-includes\functions.php on line 6031
[26-Jan-2024 20:28:22 UTC] PHP Fatal error:  Cannot redeclare real_estate_filter_shortcode() (previously declared in D:\OSPanel\domains\wptest.com\wp-content\plugins\volcuaEstate\pluginfile\EstateObject_filter_back_ShowResultate.php:158) in D:\OSPanel\domains\wptest.com\wp-content\plugins\volcuaEstate\pluginfile\EstateObject_filter_front_sc.php on line 2
[26-Jan-2024 20:28:22 UTC] PHP Notice:  Функцію is_embed було викликано неправильно. Умовні теґи запитів не працюють до здійснення запиту. До того, вони завжди повертають "false". Будь ласка, перегляньте <a>Виправлення помилок у WordPress</a> для більш детальної інформації. (Це повідомлення додане у версії 3.1.0.) in D:\OSPanel\domains\wptest.com\wp-includes\functions.php on line 6031
[26-Jan-2024 20:28:22 UTC] PHP Notice:  Функцію is_search було викликано неправильно. Умовні теґи запитів не працюють до здійснення запиту. До того, вони завжди повертають "false". Будь ласка, перегляньте <a>Виправлення помилок у WordPress</a> для більш детальної інформації. (Це повідомлення додане у версії 3.1.0.) in D:\OSPanel\domains\wptest.com\wp-includes\functions.php on line 6031
[26-Jan-2024 20:28:26 UTC] PHP Fatal error:  Cannot redeclare real_estate_filter_shortcode() (previously declared in D:\OSPanel\domains\wptest.com\wp-content\plugins\volcuaEstate\pluginfile\EstateObject_filter_back_ShowResultate.php:158) in D:\OSPanel\domains\wptest.com\wp-content\plugins\volcuaEstate\pluginfile\EstateObject_filter_front_sc.php on line 2
[26-Jan-2024 20:28:26 UTC] PHP Notice:  Функцію is_embed було викликано неправильно. Умовні теґи запитів не працюють до здійснення запиту. До того, вони завжди повертають "false". Будь ласка, перегляньте <a>Виправлення помилок у WordPress</a> для більш детальної інформації. (Це повідомлення додане у версії 3.1.0.) in D:\OSPanel\domains\wptest.com\wp-includes\functions.php on line 6031
[26-Jan-2024 20:28:26 UTC] PHP Notice:  Функцію is_search було викликано неправильно. Умовні теґи запитів не працюють до здійснення запиту. До того, вони завжди повертають "false". Будь ласка, перегляньте <a>Виправлення помилок у WordPress</a> для більш детальної інформації. (Це повідомлення додане у версії 3.1.0.) in D:\OSPanel\domains\wptest.com\wp-includes\functions.php on line 6031
[26-Jan-2024 20:29:10 UTC] PHP Fatal error:  Cannot redeclare real_estate_filter_shortcode() (previously declared in D:\OSPanel\domains\wptest.com\wp-content\plugins\volcuaEstate\pluginfile\EstateObject_filter_back_ShowResultate.php:157) in D:\OSPanel\domains\wptest.com\wp-content\plugins\volcuaEstate\pluginfile\EstateObject_filter_front_sc.php on line 2
[26-Jan-2024 20:29:10 UTC] PHP Notice:  Функцію is_embed було викликано неправильно. Умовні теґи запитів не працюють до здійснення запиту. До того, вони завжди повертають "false". Будь ласка, перегляньте <a>Виправлення помилок у WordPress</a> для більш детальної інформації. (Це повідомлення додане у версії 3.1.0.) in D:\OSPanel\domains\wptest.com\wp-includes\functions.php on line 6031
[26-Jan-2024 20:29:10 UTC] PHP Notice:  Функцію is_search було викликано неправильно. Умовні теґи запитів не працюють до здійснення запиту. До того, вони завжди повертають "false". Будь ласка, перегляньте <a>Виправлення помилок у WordPress</a> для більш детальної інформації. (Це повідомлення додане у версії 3.1.0.) in D:\OSPanel\domains\wptest.com\wp-includes\functions.php on line 6031
[26-Jan-2024 20:29:13 UTC] PHP Fatal error:  Cannot redeclare real_estate_filter_shortcode() (previously declared in D:\OSPanel\domains\wptest.com\wp-content\plugins\volcuaEstate\pluginfile\EstateObject_filter_back_ShowResultate.php:157) in D:\OSPanel\domains\wptest.com\wp-content\plugins\volcuaEstate\pluginfile\EstateObject_filter_front_sc.php on line 2
[26-Jan-2024 20:29:13 UTC] PHP Notice:  Функцію is_embed було викликано неправильно. Умовні теґи запитів не працюють до здійснення запиту. До того, вони завжди повертають "false". Будь ласка, перегляньте <a>Виправлення помилок у WordPress</a> для більш детальної інформації. (Це повідомлення додане у версії 3.1.0.) in D:\OSPanel\domains\wptest.com\wp-includes\functions.php on line 6031
[26-Jan-2024 20:29:13 UTC] PHP Notice:  Функцію is_search було викликано неправильно. Умовні теґи запитів не працюють до здійснення запиту. До того, вони завжди повертають "false". Будь ласка, перегляньте <a>Виправлення помилок у WordPress</a> для більш детальної інформації. (Це повідомлення додане у версії 3.1.0.) in D:\OSPanel\domains\wptest.com\wp-includes\functions.php on line 6031
[26-Jan-2024 20:29:49 UTC] PHP Fatal error:  Cannot redeclare real_estate_filter_shortcode() (previously declared in D:\OSPanel\domains\wptest.com\wp-content\plugins\volcuaEstate\pluginfile\EstateObject_filter_back_ShowResultate.php:157) in D:\OSPanel\domains\wptest.com\wp-content\plugins\volcuaEstate\pluginfile\EstateObject_filter_front_sc.php on line 2
[26-Jan-2024 20:29:49 UTC] PHP Notice:  Функцію is_embed було викликано неправильно. Умовні теґи запитів не працюють до здійснення запиту. До того, вони завжди повертають "false". Будь ласка, перегляньте <a>Виправлення помилок у WordPress</a> для більш детальної інформації. (Це повідомлення додане у версії 3.1.0.) in D:\OSPanel\domains\wptest.com\wp-includes\functions.php on line 6031
[26-Jan-2024 20:29:49 UTC] PHP Notice:  Функцію is_search було викликано неправильно. Умовні теґи запитів не працюють до здійснення запиту. До того, вони завжди повертають "false". Будь ласка, перегляньте <a>Виправлення помилок у WordPress</a> для більш детальної інформації. (Це повідомлення додане у версії 3.1.0.) in D:\OSPanel\domains\wptest.com\wp-includes\functions.php on line 6031
[26-Jan-2024 20:29:53 UTC] PHP Fatal error:  Cannot redeclare real_estate_filter_shortcode() (previously declared in D:\OSPanel\domains\wptest.com\wp-content\plugins\volcuaEstate\pluginfile\EstateObject_filter_back_ShowResultate.php:157) in D:\OSPanel\domains\wptest.com\wp-content\plugins\volcuaEstate\pluginfile\EstateObject_filter_front_sc.php on line 2
[26-Jan-2024 20:29:53 UTC] PHP Notice:  Функцію is_embed було викликано неправильно. Умовні теґи запитів не працюють до здійснення запиту. До того, вони завжди повертають "false". Будь ласка, перегляньте <a>Виправлення помилок у WordPress</a> для більш детальної інформації. (Це повідомлення додане у версії 3.1.0.) in D:\OSPanel\domains\wptest.com\wp-includes\functions.php on line 6031
[26-Jan-2024 20:29:53 UTC] PHP Notice:  Функцію is_search було викликано неправильно. Умовні теґи запитів не працюють до здійснення запиту. До того, вони завжди повертають "false". Будь ласка, перегляньте <a>Виправлення помилок у WordPress</a> для більш детальної інформації. (Це повідомлення додане у версії 3.1.0.) in D:\OSPanel\domains\wptest.com\wp-includes\functions.php on line 6031
[26-Jan-2024 20:30:03 UTC] PHP Fatal error:  Cannot redeclare real_estate_filter_shortcode() (previously declared in D:\OSPanel\domains\wptest.com\wp-content\plugins\volcuaEstate\pluginfile\EstateObject_filter_back_ShowResultate.php:157) in D:\OSPanel\domains\wptest.com\wp-content\plugins\volcuaEstate\pluginfile\EstateObject_filter_front_sc.php on line 2
[26-Jan-2024 20:30:03 UTC] PHP Notice:  Функцію is_embed було викликано неправильно. Умовні теґи запитів не працюють до здійснення запиту. До того, вони завжди повертають "false". Будь ласка, перегляньте <a>Виправлення помилок у WordPress</a> для більш детальної інформації. (Це повідомлення додане у версії 3.1.0.) in D:\OSPanel\domains\wptest.com\wp-includes\functions.php on line 6031
[26-Jan-2024 20:30:03 UTC] PHP Notice:  Функцію is_search було викликано неправильно. Умовні теґи запитів не працюють до здійснення запиту. До того, вони завжди повертають "false". Будь ласка, перегляньте <a>Виправлення помилок у WordPress</a> для більш детальної інформації. (Це повідомлення додане у версії 3.1.0.) in D:\OSPanel\domains\wptest.com\wp-includes\functions.php on line 6031
[26-Jan-2024 20:30:06 UTC] PHP Fatal error:  Cannot redeclare real_estate_filter_shortcode() (previously declared in D:\OSPanel\domains\wptest.com\wp-content\plugins\volcuaEstate\pluginfile\EstateObject_filter_back_ShowResultate.php:157) in D:\OSPanel\domains\wptest.com\wp-content\plugins\volcuaEstate\pluginfile\EstateObject_filter_front_sc.php on line 2
[26-Jan-2024 20:30:06 UTC] PHP Notice:  Функцію is_embed було викликано неправильно. Умовні теґи запитів не працюють до здійснення запиту. До того, вони завжди повертають "false". Будь ласка, перегляньте <a>Виправлення помилок у WordPress</a> для більш детальної інформації. (Це повідомлення додане у версії 3.1.0.) in D:\OSPanel\domains\wptest.com\wp-includes\functions.php on line 6031
[26-Jan-2024 20:30:06 UTC] PHP Notice:  Функцію is_search було викликано неправильно. Умовні теґи запитів не працюють до здійснення запиту. До того, вони завжди повертають "false". Будь ласка, перегляньте <a>Виправлення помилок у WordPress</a> для більш детальної інформації. (Це повідомлення додане у версії 3.1.0.) in D:\OSPanel\domains\wptest.com\wp-includes\functions.php on line 6031
[26-Jan-2024 20:30:25 UTC] PHP Fatal error:  Cannot redeclare real_estate_filter_shortcode() (previously declared in D:\OSPanel\domains\wptest.com\wp-content\plugins\volcuaEstate\pluginfile\EstateObject_filter_back_ShowResultate.php:157) in D:\OSPanel\domains\wptest.com\wp-content\plugins\volcuaEstate\pluginfile\EstateObject_filter_front_sc.php on line 2
[26-Jan-2024 20:30:25 UTC] PHP Notice:  Функцію is_embed було викликано неправильно. Умовні теґи запитів не працюють до здійснення запиту. До того, вони завжди повертають "false". Будь ласка, перегляньте <a>Виправлення помилок у WordPress</a> для більш детальної інформації. (Це повідомлення додане у версії 3.1.0.) in D:\OSPanel\domains\wptest.com\wp-includes\functions.php on line 6031
[26-Jan-2024 20:30:25 UTC] PHP Notice:  Функцію is_search було викликано неправильно. Умовні теґи запитів не працюють до здійснення запиту. До того, вони завжди повертають "false". Будь ласка, перегляньте <a>Виправлення помилок у WordPress</a> для більш детальної інформації. (Це повідомлення додане у версії 3.1.0.) in D:\OSPanel\domains\wptest.com\wp-includes\functions.php on line 6031
[26-Jan-2024 20:30:28 UTC] PHP Fatal error:  Cannot redeclare real_estate_filter_shortcode() (previously declared in D:\OSPanel\domains\wptest.com\wp-content\plugins\volcuaEstate\pluginfile\EstateObject_filter_back_ShowResultate.php:157) in D:\OSPanel\domains\wptest.com\wp-content\plugins\volcuaEstate\pluginfile\EstateObject_filter_front_sc.php on line 2
[26-Jan-2024 20:30:29 UTC] PHP Notice:  Функцію is_embed було викликано неправильно. Умовні теґи запитів не працюють до здійснення запиту. До того, вони завжди повертають "false". Будь ласка, перегляньте <a>Виправлення помилок у WordPress</a> для більш детальної інформації. (Це повідомлення додане у версії 3.1.0.) in D:\OSPanel\domains\wptest.com\wp-includes\functions.php on line 6031
[26-Jan-2024 20:30:29 UTC] PHP Notice:  Функцію is_search було викликано неправильно. Умовні теґи запитів не працюють до здійснення запиту. До того, вони завжди повертають "false". Будь ласка, перегляньте <a>Виправлення помилок у WordPress</a> для більш детальної інформації. (Це повідомлення додане у версії 3.1.0.) in D:\OSPanel\domains\wptest.com\wp-includes\functions.php on line 6031
[26-Jan-2024 20:32:50 UTC] PHP Warning:  Undefined variable $page in D:\OSPanel\domains\wptest.com\wp-content\plugins\volcuaEstate\pluginfile\EstateObject_filter_back_ShowResultate.php on line 110
[26-Jan-2024 20:32:52 UTC] PHP Warning:  Undefined variable $page in D:\OSPanel\domains\wptest.com\wp-content\plugins\volcuaEstate\pluginfile\EstateObject_filter_back_ShowResultate.php on line 110
[26-Jan-2024 20:35:37 UTC] PHP Warning:  Undefined variable $page in D:\OSPanel\domains\wptest.com\wp-content\plugins\volcuaEstate\pluginfile\EstateObject_filter_back_ShowResultate.php on line 110
[26-Jan-2024 20:35:39 UTC] PHP Warning:  Undefined variable $page in D:\OSPanel\domains\wptest.com\wp-content\plugins\volcuaEstate\pluginfile\EstateObject_filter_back_ShowResultate.php on line 110
[26-Jan-2024 20:35:44 UTC] PHP Warning:  Undefined variable $page in D:\OSPanel\domains\wptest.com\wp-content\plugins\volcuaEstate\pluginfile\EstateObject_filter_back_ShowResultate.php on line 110
[26-Jan-2024 20:35:47 UTC] PHP Warning:  Undefined variable $page in D:\OSPanel\domains\wptest.com\wp-content\plugins\volcuaEstate\pluginfile\EstateObject_filter_back_ShowResultate.php on line 110
[26-Jan-2024 20:35:48 UTC] PHP Warning:  Undefined variable $page in D:\OSPanel\domains\wptest.com\wp-content\plugins\volcuaEstate\pluginfile\EstateObject_filter_back_ShowResultate.php on line 110
[26-Jan-2024 20:35:48 UTC] PHP Warning:  Undefined variable $page in D:\OSPanel\domains\wptest.com\wp-content\plugins\volcuaEstate\pluginfile\EstateObject_filter_back_ShowResultate.php on line 110
[26-Jan-2024 20:35:49 UTC] PHP Warning:  Undefined variable $page in D:\OSPanel\domains\wptest.com\wp-content\plugins\volcuaEstate\pluginfile\EstateObject_filter_back_ShowResultate.php on line 110
[26-Jan-2024 20:35:49 UTC] PHP Warning:  Undefined variable $page in D:\OSPanel\domains\wptest.com\wp-content\plugins\volcuaEstate\pluginfile\EstateObject_filter_back_ShowResultate.php on line 110
[26-Jan-2024 20:35:50 UTC] PHP Warning:  Undefined variable $page in D:\OSPanel\domains\wptest.com\wp-content\plugins\volcuaEstate\pluginfile\EstateObject_filter_back_ShowResultate.php on line 110
[26-Jan-2024 20:35:50 UTC] PHP Warning:  Undefined variable $page in D:\OSPanel\domains\wptest.com\wp-content\plugins\volcuaEstate\pluginfile\EstateObject_filter_back_ShowResultate.php on line 110
[26-Jan-2024 20:37:13 UTC] PHP Warning:  Undefined variable $page in D:\OSPanel\domains\wptest.com\wp-content\plugins\volcuaEstate\pluginfile\EstateObject_filter_back_ShowResultate.php on line 110
[26-Jan-2024 20:39:09 UTC] PHP Warning:  Undefined variable $page in D:\OSPanel\domains\wptest.com\wp-content\plugins\volcuaEstate\pluginfile\EstateObject_filter_back_ShowResultate.php on line 110
[26-Jan-2024 20:39:27 UTC] PHP Warning:  Undefined variable $page in D:\OSPanel\domains\wptest.com\wp-content\plugins\volcuaEstate\pluginfile\EstateObject_filter_back_ShowResultate.php on line 110
[26-Jan-2024 20:39:29 UTC] PHP Warning:  Undefined variable $page in D:\OSPanel\domains\wptest.com\wp-content\plugins\volcuaEstate\pluginfile\EstateObject_filter_back_ShowResultate.php on line 110
[26-Jan-2024 20:39:29 UTC] PHP Warning:  Undefined variable $page in D:\OSPanel\domains\wptest.com\wp-content\plugins\volcuaEstate\pluginfile\EstateObject_filter_back_ShowResultate.php on line 110
[26-Jan-2024 20:39:30 UTC] PHP Warning:  Undefined variable $page in D:\OSPanel\domains\wptest.com\wp-content\plugins\volcuaEstate\pluginfile\EstateObject_filter_back_ShowResultate.php on line 110
[26-Jan-2024 20:39:31 UTC] PHP Warning:  Undefined variable $page in D:\OSPanel\domains\wptest.com\wp-content\plugins\volcuaEstate\pluginfile\EstateObject_filter_back_ShowResultate.php on line 110
[26-Jan-2024 20:53:24 UTC] PHP Fatal error:  Cannot redeclare real_estate_filter_shortcode() (previously declared in D:\OSPanel\domains\wptest.com\wp-content\plugins\volcuaEstate\pluginfile\EstateObject_filter_back_ShowResultate.php:132) in D:\OSPanel\domains\wptest.com\wp-content\plugins\volcuaEstate\pluginfile\EstateObject_filter_front_sc.php on line 2
[26-Jan-2024 20:53:24 UTC] PHP Notice:  Функцію is_embed було викликано неправильно. Умовні теґи запитів не працюють до здійснення запиту. До того, вони завжди повертають "false". Будь ласка, перегляньте <a>Виправлення помилок у WordPress</a> для більш детальної інформації. (Це повідомлення додане у версії 3.1.0.) in D:\OSPanel\domains\wptest.com\wp-includes\functions.php on line 6031
[26-Jan-2024 20:53:24 UTC] PHP Notice:  Функцію is_search було викликано неправильно. Умовні теґи запитів не працюють до здійснення запиту. До того, вони завжди повертають "false". Будь ласка, перегляньте <a>Виправлення помилок у WordPress</a> для більш детальної інформації. (Це повідомлення додане у версії 3.1.0.) in D:\OSPanel\domains\wptest.com\wp-includes\functions.php on line 6031
[26-Jan-2024 20:53:27 UTC] PHP Fatal error:  Cannot redeclare real_estate_filter_shortcode() (previously declared in D:\OSPanel\domains\wptest.com\wp-content\plugins\volcuaEstate\pluginfile\EstateObject_filter_back_ShowResultate.php:132) in D:\OSPanel\domains\wptest.com\wp-content\plugins\volcuaEstate\pluginfile\EstateObject_filter_front_sc.php on line 2
[26-Jan-2024 20:53:27 UTC] PHP Notice:  Функцію is_embed було викликано неправильно. Умовні теґи запитів не працюють до здійснення запиту. До того, вони завжди повертають "false". Будь ласка, перегляньте <a>Виправлення помилок у WordPress</a> для більш детальної інформації. (Це повідомлення додане у версії 3.1.0.) in D:\OSPanel\domains\wptest.com\wp-includes\functions.php on line 6031
[26-Jan-2024 20:53:27 UTC] PHP Notice:  Функцію is_search було викликано неправильно. Умовні теґи запитів не працюють до здійснення запиту. До того, вони завжди повертають "false". Будь ласка, перегляньте <a>Виправлення помилок у WordPress</a> для більш детальної інформації. (Це повідомлення додане у версії 3.1.0.) in D:\OSPanel\domains\wptest.com\wp-includes\functions.php on line 6031
[26-Jan-2024 20:53:35 UTC] PHP Fatal error:  Cannot redeclare real_estate_filter_shortcode() (previously declared in D:\OSPanel\domains\wptest.com\wp-content\plugins\volcuaEstate\pluginfile\EstateObject_filter_back_ShowResultate.php:132) in D:\OSPanel\domains\wptest.com\wp-content\plugins\volcuaEstate\pluginfile\EstateObject_filter_front_sc.php on line 2
[26-Jan-2024 20:53:35 UTC] PHP Notice:  Функцію is_embed було викликано неправильно. Умовні теґи запитів не працюють до здійснення запиту. До того, вони завжди повертають "false". Будь ласка, перегляньте <a>Виправлення помилок у WordPress</a> для більш детальної інформації. (Це повідомлення додане у версії 3.1.0.) in D:\OSPanel\domains\wptest.com\wp-includes\functions.php on line 6031
[26-Jan-2024 20:53:35 UTC] PHP Notice:  Функцію is_search було викликано неправильно. Умовні теґи запитів не працюють до здійснення запиту. До того, вони завжди повертають "false". Будь ласка, перегляньте <a>Виправлення помилок у WordPress</a> для більш детальної інформації. (Це повідомлення додане у версії 3.1.0.) in D:\OSPanel\domains\wptest.com\wp-includes\functions.php on line 6031
[26-Jan-2024 20:53:40 UTC] PHP Fatal error:  Cannot redeclare real_estate_filter_shortcode() (previously declared in D:\OSPanel\domains\wptest.com\wp-content\plugins\volcuaEstate\pluginfile\EstateObject_filter_back_ShowResultate.php:132) in D:\OSPanel\domains\wptest.com\wp-content\plugins\volcuaEstate\pluginfile\EstateObject_filter_front_sc.php on line 2
[26-Jan-2024 20:53:40 UTC] PHP Notice:  Функцію is_embed було викликано неправильно. Умовні теґи запитів не працюють до здійснення запиту. До того, вони завжди повертають "false". Будь ласка, перегляньте <a>Виправлення помилок у WordPress</a> для більш детальної інформації. (Це повідомлення додане у версії 3.1.0.) in D:\OSPanel\domains\wptest.com\wp-includes\functions.php on line 6031
[26-Jan-2024 20:53:40 UTC] PHP Notice:  Функцію is_search було викликано неправильно. Умовні теґи запитів не працюють до здійснення запиту. До того, вони завжди повертають "false". Будь ласка, перегляньте <a>Виправлення помилок у WordPress</a> для більш детальної інформації. (Це повідомлення додане у версії 3.1.0.) in D:\OSPanel\domains\wptest.com\wp-includes\functions.php on line 6031
[26-Jan-2024 20:53:57 UTC] PHP Fatal error:  Cannot redeclare real_estate_filter_shortcode() (previously declared in D:\OSPanel\domains\wptest.com\wp-content\plugins\volcuaEstate\pluginfile\EstateObject_filter_back_ShowResultate.php:132) in D:\OSPanel\domains\wptest.com\wp-content\plugins\volcuaEstate\pluginfile\EstateObject_filter_front_sc.php on line 2
[26-Jan-2024 20:53:57 UTC] PHP Notice:  Функцію is_embed було викликано неправильно. Умовні теґи запитів не працюють до здійснення запиту. До того, вони завжди повертають "false". Будь ласка, перегляньте <a>Виправлення помилок у WordPress</a> для більш детальної інформації. (Це повідомлення додане у версії 3.1.0.) in D:\OSPanel\domains\wptest.com\wp-includes\functions.php on line 6031
[26-Jan-2024 20:53:57 UTC] PHP Notice:  Функцію is_search було викликано неправильно. Умовні теґи запитів не працюють до здійснення запиту. До того, вони завжди повертають "false". Будь ласка, перегляньте <a>Виправлення помилок у WordPress</a> для більш детальної інформації. (Це повідомлення додане у версії 3.1.0.) in D:\OSPanel\domains\wptest.com\wp-includes\functions.php on line 6031
[26-Jan-2024 20:54:02 UTC] PHP Fatal error:  Cannot redeclare real_estate_filter_shortcode() (previously declared in D:\OSPanel\domains\wptest.com\wp-content\plugins\volcuaEstate\pluginfile\EstateObject_filter_back_ShowResultate.php:132) in D:\OSPanel\domains\wptest.com\wp-content\plugins\volcuaEstate\pluginfile\EstateObject_filter_front_sc.php on line 2
[26-Jan-2024 20:54:02 UTC] PHP Notice:  Функцію is_embed було викликано неправильно. Умовні теґи запитів не працюють до здійснення запиту. До того, вони завжди повертають "false". Будь ласка, перегляньте <a>Виправлення помилок у WordPress</a> для більш детальної інформації. (Це повідомлення додане у версії 3.1.0.) in D:\OSPanel\domains\wptest.com\wp-includes\functions.php on line 6031
[26-Jan-2024 20:54:02 UTC] PHP Notice:  Функцію is_search було викликано неправильно. Умовні теґи запитів не працюють до здійснення запиту. До того, вони завжди повертають "false". Будь ласка, перегляньте <a>Виправлення помилок у WordPress</a> для більш детальної інформації. (Це повідомлення додане у версії 3.1.0.) in D:\OSPanel\domains\wptest.com\wp-includes\functions.php on line 6031
